<?xml version="1.0" encoding="UTF-8"?>
<!-- Generated by org.testng.reporters.JUnitXMLReporter -->
<testsuite ignored="0" hostname="PaBlO" failures="0" tests="46" name="Command line test" time="0.08" errors="0" timestamp="2021-05-22T06:00:40 MSK">
  <testcase classname="by.traning.task01.CalculationTest" name="areaTriangleNegativeTest" time="0.013"/>
  <testcase classname="by.traning.task01.CalculationTest" name="areaTriangleNegativeTest" time="0.0"/>
  <testcase classname="by.traning.task01.CalculationTest" name="areaTriangleNegativeTest" time="0.0"/>
  <testcase classname="by.traning.task01.CalculationTest" name="areaTriangleNegativeTest" time="0.001"/>
  <testcase classname="by.traning.task01.CalculationTest" name="areaTriangleNegativeTest" time="0.001"/>
  <testcase classname="by.traning.task01.CalculationTest" name="areaTriangleNegativeTest" time="0.001"/>
  <testcase classname="by.traning.task01.CalculationTest" name="areaTriangleNegativeTest" time="0.001"/>
  <testcase classname="by.traning.task01.CalculationTest" name="areaTriangleNegativeTest" time="0.001"/>
  <testcase classname="by.traning.task01.CalculationTest" name="areaTriangleNegativeTest" time="0.001"/>
  <testcase classname="by.traning.task01.CalculationTest" name="areaTriangleNegativeTest" time="0.001"/>
  <testcase classname="by.traning.task01.CalculationTest" name="areaTriangleNegativeTest" time="0.0"/>
  <testcase classname="by.traning.task01.CalculationTest" name="areaTriangleNegativeTest" time="0.001"/>
  <testcase classname="by.traning.task01.CalculationTest" name="areaTriangleNegativeTest" time="0.001"/>
  <testcase classname="by.traning.task01.CalculationTest" name="areaTriangleNegativeTest" time="0.001"/>
  <testcase classname="by.traning.task01.CalculationTest" name="areaTriangleNegativeTest" time="0.001"/>
  <testcase classname="by.traning.task01.CalculationTest" name="areaTriangleTest" time="0.001"/>
  <testcase classname="by.traning.task01.CalculationTest" name="areaTriangleTest" time="0.001"/>
  <testcase classname="by.traning.task01.CalculationTest" name="areaTriangleTest" time="0.0"/>
  <testcase classname="by.traning.task01.CalculationTest" name="areaTriangleTest" time="0.002"/>
  <testcase classname="by.traning.task01.CalculationTest" name="bytesToKilobytesNegativeTest" time="0.002"/>
  <testcase classname="by.traning.task01.CalculationTest" name="bytesToKilobytesTest" time="0.0"/>
  <testcase classname="by.traning.task01.CalculationTest" name="bytesToKilobytesTest" time="0.001"/>
  <testcase classname="by.traning.task01.CalculationTest" name="bytesToKilobytesTest" time="0.0"/>
  <testcase classname="by.traning.task01.CalculationTest" name="bytesToKilobytesTest" time="0.0"/>
  <testcase classname="by.traning.task01.CalculationTest" name="calculatingCubeParametersNegativeTest" time="0.001"/>
  <testcase classname="by.traning.task01.CalculationTest" name="calculatingCubeParametersNegativeTest" time="0.001"/>
  <testcase classname="by.traning.task01.CalculationTest" name="calculatingCubeParametersTest" time="0.001"/>
  <testcase classname="by.traning.task01.CalculationTest" name="calculatingCubeParametersTest" time="0.0"/>
  <testcase classname="by.traning.task01.CalculationTest" name="calculatingCubeParametersTest" time="0.001"/>
  <testcase classname="by.traning.task01.CalculationTest" name="calculatingCubeParametersTest" time="0.0"/>
  <testcase classname="by.traning.task01.CalculationTest" name="foldWithThreeNegativeTest" time="0.001"/>
  <testcase classname="by.traning.task01.CalculationTest" name="foldWithThreeTest" time="0.0"/>
  <testcase classname="by.traning.task01.CalculationTest" name="foldWithThreeTest" time="0.0"/>
  <testcase classname="by.traning.task01.CalculationTest" name="foldWithThreeTest" time="0.0"/>
  <testcase classname="by.traning.task01.CalculationTest" name="foldWithThreeTest" time="0.0"/>
  <testcase classname="by.traning.task01.CalculationTest" name="foldWithThreeTest" time="0.0"/>
  <testcase classname="by.traning.task01.CalculationTest" name="foldWithThreeTest" time="0.0"/>
  <testcase classname="by.traning.task01.CalculationTest" name="trigonometricFormulaNegativeTest" time="0.001"/>
  <testcase classname="by.traning.task01.CalculationTest" name="trigonometricFormulaNegativeTest" time="0.001"/>
  <testcase classname="by.traning.task01.CalculationTest" name="trigonometricFormulaNegativeTest" time="0.0"/>
  <testcase classname="by.traning.task01.CalculationTest" name="trigonometricFormulaNegativeTest" time="0.001"/>
  <testcase classname="by.traning.task01.CalculationTest" name="trigonometricFormulaNegativeTest" time="0.0"/>
  <testcase classname="by.traning.task01.CalculationTest" name="trigonometricFormulaTest" time="0.0"/>
  <testcase classname="by.traning.task01.CalculationTest" name="trigonometricFormulaTest" time="0.0"/>
  <testcase classname="by.traning.task01.CalculationTest" name="trigonometricFormulaTest" time="0.0"/>
  <testcase classname="by.traning.task01.CalculationTest" name="trigonometricFormulaTest" time="0.0"/>
</testsuite> <!-- Command line test -->
