<?xml version="1.0" encoding="UTF-8" ?>
<testsuite tests="47" failures="1" name="TestSuite" time="0.091" errors="0" skipped="0">
  <properties>
[...]
</properties>
  <testcase classname="by.traning.task05.dao.impl.FileQuadrilateralDAOTest" name="fileQuadrilateralDAONegativeTest" time="0.015"/>
  <testcase classname="by.traning.task05.dao.impl.FileQuadrilateralDAOTest" name="fileQuadrilateralDAONegativeTest" time="0"/>
  <testcase classname="by.traning.task05.dao.impl.FileQuadrilateralDAOTest" name="fileQuadrilateralDAOTest" time="0"/>
  <testcase classname="by.traning.task05.dao.impl.FileQuadrilateralDAOTest" name="isNumericNegativeTest" time="0.001"/>
  <testcase classname="by.traning.task05.dao.impl.FileQuadrilateralDAOTest" name="isNumericNegativeTest" time="0"/>
  <testcase classname="by.traning.task05.dao.impl.FileQuadrilateralDAOTest" name="isNumericNegativeTest" time="0"/>
  <testcase classname="by.traning.task05.dao.impl.FileQuadrilateralDAOTest" name="isNumericTest" time="0.018"/>
  <testcase classname="by.traning.task05.service.action.CalculatorHelperTest" name="distanceTest" time="0.001"/>
  <testcase classname="by.traning.task05.service.action.CalculatorHelperTest" name="slopeTest" time="0"/>
  <testcase classname="by.traning.task05.service.action.CalculatorHelperTest" name="triangleAreaTest" time="0.001"/>
  <testcase classname="by.traning.task05.service.action.impl.ParallelogramCalculatorActionTest" name="areaCalculatorTest" time="0.005">
    <failure message="expected [5.65] but found [90.99999999999996]" type="java.lang.AssertionError">java.lang.AssertionError: expected [5.65] but found [90.99999999999996]
	at org.testng.Assert.fail(Assert.java:99)
	at org.testng.Assert.failNotEquals(Assert.java:1037)
	at org.testng.Assert.assertEquals(Assert.java:671)
	at org.testng.Assert.assertEquals(Assert.java:684)
	at by.traning.task05.service.action.impl.ParallelogramCalculatorActionTest.areaCalculatorTest(ParallelogramCalculatorActionTest.java:52)
</failure>
  </testcase>
  <testcase classname="by.traning.task05.service.observer.impl.ObservableQuadrilateralTest" name="returnFalseIfTheUpdateNotifyWorks" time="0.027"/>
  <testcase classname="by.traning.task05.service.observer.impl.ObserverQuadrilateralTest" name="getQuadrilateralParameterByItemIdTest" time="0"/>
  <testcase classname="by.traning.task05.service.observer.impl.ObserverQuadrilateralTest" name="updateTest" time="0.001"/>
  <testcase classname="by.traning.task05.service.validator.NumericValueValidatorTest" name="isNumericNegativeTest" time="0.001"/>
  <testcase classname="by.traning.task05.service.validator.NumericValueValidatorTest" name="isNumericNegativeTest" time="0"/>
  <testcase classname="by.traning.task05.service.validator.NumericValueValidatorTest" name="isNumericTest" time="0.001"/>
  <testcase classname="by.traning.task05.service.validator.NumericValueValidatorTest" name="isNumericTest" time="0"/>
  <testcase classname="by.traning.task05.service.validator.NumericValueValidatorTest" name="isNumericTest" time="0"/>
  <testcase classname="by.traning.task05.service.validator.PointValidatorTest" name="isValidPointNegativeTest" time="0.001"/>
  <testcase classname="by.traning.task05.service.validator.PointValidatorTest" name="isValidPointNegativeTest" time="0"/>
  <testcase classname="by.traning.task05.service.validator.PointValidatorTest" name="isValidPointTest" time="0.001"/>
  <testcase classname="by.traning.task05.service.validator.PointValidatorTest" name="isValidPointTest" time="0.001"/>
  <testcase classname="by.traning.task05.service.validator.quadrilateralvalidator.ConvexValidatorTest" name="isConvexNegativeTest" time="0.002"/>
  <testcase classname="by.traning.task05.service.validator.quadrilateralvalidator.ConvexValidatorTest" name="isConvexNegativeTest" time="0"/>
  <testcase classname="by.traning.task05.service.validator.quadrilateralvalidator.ConvexValidatorTest" name="isConvexTest" time="0.001"/>
  <testcase classname="by.traning.task05.service.validator.quadrilateralvalidator.ParallelogramValidatorTest" name="isConvexNegativeTest" time="0.001"/>
  <testcase classname="by.traning.task05.service.validator.quadrilateralvalidator.ParallelogramValidatorTest" name="isConvexNegativeTest" time="0"/>
  <testcase classname="by.traning.task05.service.validator.quadrilateralvalidator.ParallelogramValidatorTest" name="isConvexTest" time="0.001"/>
  <testcase classname="by.traning.task05.service.validator.quadrilateralvalidator.QuadrilateralValidatorTest" name="isConvexNegativeTest" time="0.001"/>
  <testcase classname="by.traning.task05.service.validator.quadrilateralvalidator.QuadrilateralValidatorTest" name="isConvexNegativeTest" time="0"/>
  <testcase classname="by.traning.task05.service.validator.quadrilateralvalidator.QuadrilateralValidatorTest" name="isConvexTest" time="0"/>
  <testcase classname="by.traning.task05.service.validator.quadrilateralvalidator.RectangleValidatorTest" name="isConvexNegativeTest" time="0.002"/>
  <testcase classname="by.traning.task05.service.validator.quadrilateralvalidator.RectangleValidatorTest" name="isConvexNegativeTest" time="0"/>
  <testcase classname="by.traning.task05.service.validator.quadrilateralvalidator.RectangleValidatorTest" name="isConvexTest" time="0.002"/>
  <testcase classname="by.traning.task05.service.validator.quadrilateralvalidator.RhombusValidatorTest" name="isConvexNegativeTest" time="0.001"/>
  <testcase classname="by.traning.task05.service.validator.quadrilateralvalidator.RhombusValidatorTest" name="isConvexNegativeTest" time="0"/>
  <testcase classname="by.traning.task05.service.validator.quadrilateralvalidator.RhombusValidatorTest" name="isConvexTest" time="0.001"/>
  <testcase classname="by.traning.task05.service.validator.quadrilateralvalidator.SquareValidatorTest" name="isConvexNegativeTest" time="0.001"/>
  <testcase classname="by.traning.task05.service.validator.quadrilateralvalidator.SquareValidatorTest" name="isConvexNegativeTest" time="0"/>
  <testcase classname="by.traning.task05.service.validator.quadrilateralvalidator.SquareValidatorTest" name="isConvexTest" time="0.001"/>
  <testcase classname="by.traning.task05.service.validator.quadrilateralvalidator.TrapezoidValidatorTest" name="isConvexNegativeTest" time="0.001"/>
  <testcase classname="by.traning.task05.service.validator.quadrilateralvalidator.TrapezoidValidatorTest" name="isConvexNegativeTest" time="0"/>
  <testcase classname="by.traning.task05.service.validator.quadrilateralvalidator.TrapezoidValidatorTest" name="isConvexTest" time="0.001"/>
  <testcase classname="by.traning.task05.service.validator.ThreePointsOnSameLineValidatorTest" name="isThreePointsOnSameLineNegativeTest" time="0"/>
  <testcase classname="by.traning.task05.service.validator.ThreePointsOnSameLineValidatorTest" name="isThreePointsOnSameLineNegativeTest" time="0.001"/>
  <testcase classname="by.traning.task05.service.validator.ThreePointsOnSameLineValidatorTest" name="isThreePointsOnSameLineTest" time="0"/>
</testsuite>