<?xml version="1.0" encoding="UTF-8"?>
<!-- Generated by org.testng.reporters.JUnitXMLReporter -->
<testsuite ignored="0" hostname="PaBlO" failures="0" tests="36" name="Command line test" time="0.202" errors="0" timestamp="2021-07-14T17:32:03 MSK">
  <testcase classname="by.traning.task06.DAO.impl.FileArrayDAOTest" name="readFileTest" time="0.0">
    <skipped/>
  </testcase> <!-- readFileTest -->
  <testcase classname="by.traning.task06.DAO.impl.FileMatrixDAOTest" name="readFileTest" time="0.0">
    <skipped/>
  </testcase> <!-- readFileTest -->
  <testcase classname="by.traning.task06.service.ArrayServiceSortTest" name="bubbleSortTest" time="0.028"/>
  <testcase classname="by.traning.task06.service.ArrayServiceSortTest" name="hashingSortTest" time="0.002"/>
  <testcase classname="by.traning.task06.service.ArrayServiceSortTest" name="insertionSortTest" time="0.012"/>
  <testcase classname="by.traning.task06.service.ArrayServiceSortTest" name="mergeSortTest" time="0.013"/>
  <testcase classname="by.traning.task06.service.ArrayServiceSortTest" name="selectionSortTest" time="0.006"/>
  <testcase classname="by.traning.task06.service.ArrayServiceSortTest" name="shakerSortTest" time="0.011"/>
  <testcase classname="by.traning.task06.service.ArrayServiceSortTest" name="shellSortTest" time="0.005"/>
  <testcase classname="by.traning.task06.service.creator.ArrayCreatorTest" name="creatorNegativeTest" time="0.002"/>
  <testcase classname="by.traning.task06.service.creator.ArrayCreatorTest" name="creatorNegativeTest" time="0.001"/>
  <testcase classname="by.traning.task06.service.creator.ArrayCreatorTest" name="creatorTest" time="0.0"/>
  <testcase classname="by.traning.task06.service.creator.FileCreatorTest" name="creatorNegativeTest" time="0.001"/>
  <testcase classname="by.traning.task06.service.creator.FileCreatorTest" name="creatorNegativeTest" time="0.001"/>
  <testcase classname="by.traning.task06.service.creator.FileCreatorTest" name="creatorTest" time="0.001"/>
  <testcase classname="by.traning.task06.service.creator.MatrixCreatorTest" name="creatorNegativeTest" time="0.001"/>
  <testcase classname="by.traning.task06.service.creator.MatrixCreatorTest" name="creatorNegativeTest" time="0.001"/>
  <testcase classname="by.traning.task06.service.creator.MatrixCreatorTest" name="creatorNegativeTest" time="0.002"/>
  <testcase classname="by.traning.task06.service.creator.MatrixCreatorTest" name="creatorNegativeTest" time="0.001"/>
  <testcase classname="by.traning.task06.service.creator.MatrixCreatorTest" name="creatorTest" time="0.001"/>
  <testcase classname="by.traning.task06.service.MatrixServiceSortTest" name="multiplyNegativeTest" time="0.001"/>
  <testcase classname="by.traning.task06.service.MatrixServiceSortTest" name="multiplyNegativeTest" time="0.001"/>
  <testcase classname="by.traning.task06.service.MatrixServiceSortTest" name="multiplyNegativeTest" time="0.001"/>
  <testcase classname="by.traning.task06.service.MatrixServiceSortTest" name="multiplyNegativeTest" time="0.0"/>
  <testcase classname="by.traning.task06.service.MatrixServiceSortTest" name="multiplyTest" time="0.022"/>
  <testcase classname="by.traning.task06.service.MatrixServiceSortTest" name="subtractionNegativeTest" time="0.001"/>
  <testcase classname="by.traning.task06.service.MatrixServiceSortTest" name="subtractionNegativeTest" time="0.0"/>
  <testcase classname="by.traning.task06.service.MatrixServiceSortTest" name="subtractionNegativeTest" time="0.0"/>
  <testcase classname="by.traning.task06.service.MatrixServiceSortTest" name="subtractionNegativeTest" time="0.0"/>
  <testcase classname="by.traning.task06.service.MatrixServiceSortTest" name="subtractionTest" time="0.003"/>
  <testcase classname="by.traning.task06.service.MatrixServiceSortTest" name="subtractionTest" time="0.0"/>
  <testcase classname="by.traning.task06.service.MatrixServiceSortTest" name="summationNegativeTest" time="0.0"/>
  <testcase classname="by.traning.task06.service.MatrixServiceSortTest" name="summationNegativeTest" time="0.001"/>
  <testcase classname="by.traning.task06.service.MatrixServiceSortTest" name="summationNegativeTest" time="0.001"/>
  <testcase classname="by.traning.task06.service.MatrixServiceSortTest" name="summationNegativeTest" time="0.0"/>
  <testcase classname="by.traning.task06.service.MatrixServiceSortTest" name="summationTest" time="0.002"/>
</testsuite> <!-- Command line test -->
