<?xml version="1.0" encoding="UTF-8"?>
<testng-results ignored="0" total="46" passed="46" failed="0" skipped="0">
  <reporter-output>
  </reporter-output>
  <suite started-at="2021-05-22T06:00:40 MSK" name="by.traning.task01.CalculationTest" finished-at="2021-05-22T06:00:40 MSK" duration-ms="80">
    <groups>
    </groups>
    <test started-at="2021-05-22T06:00:40 MSK" name="Command line test" finished-at="2021-05-22T06:00:40 MSK" duration-ms="80">
      <class name="by.traning.task01.CalculationTest">
        <test-method signature="areaTriangleNegativeTest([D)[pri:0, instance:by.traning.task01.CalculationTest@14fc5f04]" started-at="2021-05-22T06:00:40 MSK" name="areaTriangleNegativeTest" description="Negative script of the area of a triangle" data-provider="input_a_b_y_negativeTriangle" finished-at="2021-05-22T06:00:40 MSK" duration-ms="13" status="PASS">
          <params>
            <param index="0">
              <value>
                <![CDATA[[D@6c372fe6]]>
              </value>
            </param>
          </params>
          <reporter-output>
          </reporter-output>
        </test-method> <!-- areaTriangleNegativeTest -->
        <test-method signature="areaTriangleNegativeTest([D)[pri:0, instance:by.traning.task01.CalculationTest@14fc5f04]" started-at="2021-05-22T06:00:40 MSK" name="areaTriangleNegativeTest" description="Negative script of the area of a triangle" data-provider="input_a_b_y_negativeTriangle" finished-at="2021-05-22T06:00:40 MSK" duration-ms="0" status="PASS">
          <params>
            <param index="0">
              <value>
                <![CDATA[[D@12a94400]]>
              </value>
            </param>
          </params>
          <reporter-output>
          </reporter-output>
        </test-method> <!-- areaTriangleNegativeTest -->
        <test-method signature="areaTriangleNegativeTest([D)[pri:0, instance:by.traning.task01.CalculationTest@14fc5f04]" started-at="2021-05-22T06:00:40 MSK" name="areaTriangleNegativeTest" description="Negative script of the area of a triangle" data-provider="input_a_b_y_negativeTriangle" finished-at="2021-05-22T06:00:40 MSK" duration-ms="0" status="PASS">
          <params>
            <param index="0">
              <value>
                <![CDATA[[D@16aa8654]]>
              </value>
            </param>
          </params>
          <reporter-output>
          </reporter-output>
        </test-method> <!-- areaTriangleNegativeTest -->
        <test-method signature="areaTriangleNegativeTest([D)[pri:0, instance:by.traning.task01.CalculationTest@14fc5f04]" started-at="2021-05-22T06:00:40 MSK" name="areaTriangleNegativeTest" description="Negative script of the area of a triangle" data-provider="input_a_b_y_negativeTriangle" finished-at="2021-05-22T06:00:40 MSK" duration-ms="1" status="PASS">
          <params>
            <param index="0">
              <value>
                <![CDATA[[D@4f74980d]]>
              </value>
            </param>
          </params>
          <reporter-output>
          </reporter-output>
        </test-method> <!-- areaTriangleNegativeTest -->
        <test-method signature="areaTriangleNegativeTest([D)[pri:0, instance:by.traning.task01.CalculationTest@14fc5f04]" started-at="2021-05-22T06:00:40 MSK" name="areaTriangleNegativeTest" description="Negative script of the area of a triangle" data-provider="input_a_b_y_negativeTriangle" finished-at="2021-05-22T06:00:40 MSK" duration-ms="1" status="PASS">
          <params>
            <param index="0">
              <value>
                <![CDATA[[D@3e2059ae]]>
              </value>
            </param>
          </params>
          <reporter-output>
          </reporter-output>
        </test-method> <!-- areaTriangleNegativeTest -->
        <test-method signature="areaTriangleNegativeTest([D)[pri:0, instance:by.traning.task01.CalculationTest@14fc5f04]" started-at="2021-05-22T06:00:40 MSK" name="areaTriangleNegativeTest" description="Negative script of the area of a triangle" data-provider="input_a_b_y_negativeTriangle" finished-at="2021-05-22T06:00:40 MSK" duration-ms="1" status="PASS">
          <params>
            <param index="0">
              <value>
                <![CDATA[[D@14fa86ae]]>
              </value>
            </param>
          </params>
          <reporter-output>
          </reporter-output>
        </test-method> <!-- areaTriangleNegativeTest -->
        <test-method signature="areaTriangleNegativeTest([D)[pri:0, instance:by.traning.task01.CalculationTest@14fc5f04]" started-at="2021-05-22T06:00:40 MSK" name="areaTriangleNegativeTest" description="Negative script of the area of a triangle" data-provider="input_a_b_y_negativeTriangle" finished-at="2021-05-22T06:00:40 MSK" duration-ms="1" status="PASS">
          <params>
            <param index="0">
              <value>
                <![CDATA[[D@5b3f61ff]]>
              </value>
            </param>
          </params>
          <reporter-output>
          </reporter-output>
        </test-method> <!-- areaTriangleNegativeTest -->
        <test-method signature="areaTriangleNegativeTest([D)[pri:0, instance:by.traning.task01.CalculationTest@14fc5f04]" started-at="2021-05-22T06:00:40 MSK" name="areaTriangleNegativeTest" description="Negative script of the area of a triangle" data-provider="input_a_b_y_negativeTriangle" finished-at="2021-05-22T06:00:40 MSK" duration-ms="1" status="PASS">
          <params>
            <param index="0">
              <value>
                <![CDATA[[D@127a7a2e]]>
              </value>
            </param>
          </params>
          <reporter-output>
          </reporter-output>
        </test-method> <!-- areaTriangleNegativeTest -->
        <test-method signature="areaTriangleNegativeTest([D)[pri:0, instance:by.traning.task01.CalculationTest@14fc5f04]" started-at="2021-05-22T06:00:40 MSK" name="areaTriangleNegativeTest" description="Negative script of the area of a triangle" data-provider="input_a_b_y_negativeTriangle" finished-at="2021-05-22T06:00:40 MSK" duration-ms="1" status="PASS">
          <params>
            <param index="0">
              <value>
                <![CDATA[[D@34f6515b]]>
              </value>
            </param>
          </params>
          <reporter-output>
          </reporter-output>
        </test-method> <!-- areaTriangleNegativeTest -->
        <test-method signature="areaTriangleNegativeTest([D)[pri:0, instance:by.traning.task01.CalculationTest@14fc5f04]" started-at="2021-05-22T06:00:40 MSK" name="areaTriangleNegativeTest" description="Negative script of the area of a triangle" data-provider="input_a_b_y_negativeTriangle" finished-at="2021-05-22T06:00:40 MSK" duration-ms="1" status="PASS">
          <params>
            <param index="0">
              <value>
                <![CDATA[[D@58594a11]]>
              </value>
            </param>
          </params>
          <reporter-output>
          </reporter-output>
        </test-method> <!-- areaTriangleNegativeTest -->
        <test-method signature="areaTriangleNegativeTest([D)[pri:0, instance:by.traning.task01.CalculationTest@14fc5f04]" started-at="2021-05-22T06:00:40 MSK" name="areaTriangleNegativeTest" description="Negative script of the area of a triangle" data-provider="input_a_b_y_negativeTriangle" finished-at="2021-05-22T06:00:40 MSK" duration-ms="0" status="PASS">
          <params>
            <param index="0">
              <value>
                <![CDATA[[D@6e15fe2]]>
              </value>
            </param>
          </params>
          <reporter-output>
          </reporter-output>
        </test-method> <!-- areaTriangleNegativeTest -->
        <test-method signature="areaTriangleNegativeTest([D)[pri:0, instance:by.traning.task01.CalculationTest@14fc5f04]" started-at="2021-05-22T06:00:40 MSK" name="areaTriangleNegativeTest" description="Negative script of the area of a triangle" data-provider="input_a_b_y_negativeTriangle" finished-at="2021-05-22T06:00:40 MSK" duration-ms="1" status="PASS">
          <params>
            <param index="0">
              <value>
                <![CDATA[[D@4fbe37eb]]>
              </value>
            </param>
          </params>
          <reporter-output>
          </reporter-output>
        </test-method> <!-- areaTriangleNegativeTest -->
        <test-method signature="areaTriangleNegativeTest([D)[pri:0, instance:by.traning.task01.CalculationTest@14fc5f04]" started-at="2021-05-22T06:00:40 MSK" name="areaTriangleNegativeTest" description="Negative script of the area of a triangle" data-provider="input_a_b_y_negativeTriangle" finished-at="2021-05-22T06:00:40 MSK" duration-ms="1" status="PASS">
          <params>
            <param index="0">
              <value>
                <![CDATA[[D@518caac3]]>
              </value>
            </param>
          </params>
          <reporter-output>
          </reporter-output>
        </test-method> <!-- areaTriangleNegativeTest -->
        <test-method signature="areaTriangleNegativeTest([D)[pri:0, instance:by.traning.task01.CalculationTest@14fc5f04]" started-at="2021-05-22T06:00:40 MSK" name="areaTriangleNegativeTest" description="Negative script of the area of a triangle" data-provider="input_a_b_y_negativeTriangle" finished-at="2021-05-22T06:00:40 MSK" duration-ms="1" status="PASS">
          <params>
            <param index="0">
              <value>
                <![CDATA[[D@68f1b17f]]>
              </value>
            </param>
          </params>
          <reporter-output>
          </reporter-output>
        </test-method> <!-- areaTriangleNegativeTest -->
        <test-method signature="areaTriangleNegativeTest([D)[pri:0, instance:by.traning.task01.CalculationTest@14fc5f04]" started-at="2021-05-22T06:00:40 MSK" name="areaTriangleNegativeTest" description="Negative script of the area of a triangle" data-provider="input_a_b_y_negativeTriangle" finished-at="2021-05-22T06:00:40 MSK" duration-ms="1" status="PASS">
          <params>
            <param index="0">
              <value>
                <![CDATA[[D@57ad2aa7]]>
              </value>
            </param>
          </params>
          <reporter-output>
          </reporter-output>
        </test-method> <!-- areaTriangleNegativeTest -->
        <test-method signature="areaTriangleTest([D,double)[pri:0, instance:by.traning.task01.CalculationTest@14fc5f04]" started-at="2021-05-22T06:00:40 MSK" name="areaTriangleTest" description="Positive script of the area of a triangle" data-provider="input_a_b_y_triangle" finished-at="2021-05-22T06:00:40 MSK" duration-ms="1" status="PASS">
          <params>
            <param index="0">
              <value>
                <![CDATA[[D@45ac5f9b]]>
              </value>
            </param>
            <param index="1">
              <value>
                <![CDATA[32]]>
              </value>
            </param>
          </params>
          <reporter-output>
          </reporter-output>
        </test-method> <!-- areaTriangleTest -->
        <test-method signature="areaTriangleTest([D,double)[pri:0, instance:by.traning.task01.CalculationTest@14fc5f04]" started-at="2021-05-22T06:00:40 MSK" name="areaTriangleTest" description="Positive script of the area of a triangle" data-provider="input_a_b_y_triangle" finished-at="2021-05-22T06:00:40 MSK" duration-ms="1" status="PASS">
          <params>
            <param index="0">
              <value>
                <![CDATA[[D@1b8a29df]]>
              </value>
            </param>
            <param index="1">
              <value>
                <![CDATA[25]]>
              </value>
            </param>
          </params>
          <reporter-output>
          </reporter-output>
        </test-method> <!-- areaTriangleTest -->
        <test-method signature="areaTriangleTest([D,double)[pri:0, instance:by.traning.task01.CalculationTest@14fc5f04]" started-at="2021-05-22T06:00:40 MSK" name="areaTriangleTest" description="Positive script of the area of a triangle" data-provider="input_a_b_y_triangle" finished-at="2021-05-22T06:00:40 MSK" duration-ms="0" status="PASS">
          <params>
            <param index="0">
              <value>
                <![CDATA[[D@4167d97b]]>
              </value>
            </param>
            <param index="1">
              <value>
                <![CDATA[24]]>
              </value>
            </param>
          </params>
          <reporter-output>
          </reporter-output>
        </test-method> <!-- areaTriangleTest -->
        <test-method signature="areaTriangleTest([D,double)[pri:0, instance:by.traning.task01.CalculationTest@14fc5f04]" started-at="2021-05-22T06:00:40 MSK" name="areaTriangleTest" description="Positive script of the area of a triangle" data-provider="input_a_b_y_triangle" finished-at="2021-05-22T06:00:40 MSK" duration-ms="2" status="PASS">
          <params>
            <param index="0">
              <value>
                <![CDATA[[D@398dada8]]>
              </value>
            </param>
            <param index="1">
              <value>
                <![CDATA[6]]>
              </value>
            </param>
          </params>
          <reporter-output>
          </reporter-output>
        </test-method> <!-- areaTriangleTest -->
        <test-method signature="bytesToKilobytesNegativeTest(double)[pri:0, instance:by.traning.task01.CalculationTest@14fc5f04]" started-at="2021-05-22T06:00:40 MSK" name="bytesToKilobytesNegativeTest" description="Negative script of the byte-to-kilobyte conversion" data-provider="input_a_negativeByte" finished-at="2021-05-22T06:00:40 MSK" duration-ms="2" status="PASS">
          <params>
            <param index="0">
              <value>
                <![CDATA[-1]]>
              </value>
            </param>
          </params>
          <reporter-output>
          </reporter-output>
        </test-method> <!-- bytesToKilobytesNegativeTest -->
        <test-method signature="bytesToKilobytesTest(double,double)[pri:0, instance:by.traning.task01.CalculationTest@14fc5f04]" started-at="2021-05-22T06:00:40 MSK" name="bytesToKilobytesTest" description="Positive script of the byte-to-kilobyte conversion" data-provider="input_a_byte" finished-at="2021-05-22T06:00:40 MSK" duration-ms="0" status="PASS">
          <params>
            <param index="0">
              <value>
                <![CDATA[0]]>
              </value>
            </param>
            <param index="1">
              <value>
                <![CDATA[0]]>
              </value>
            </param>
          </params>
          <reporter-output>
          </reporter-output>
        </test-method> <!-- bytesToKilobytesTest -->
        <test-method signature="bytesToKilobytesTest(double,double)[pri:0, instance:by.traning.task01.CalculationTest@14fc5f04]" started-at="2021-05-22T06:00:40 MSK" name="bytesToKilobytesTest" description="Positive script of the byte-to-kilobyte conversion" data-provider="input_a_byte" finished-at="2021-05-22T06:00:40 MSK" duration-ms="1" status="PASS">
          <params>
            <param index="0">
              <value>
                <![CDATA[1]]>
              </value>
            </param>
            <param index="1">
              <value>
                <![CDATA[0.001]]>
              </value>
            </param>
          </params>
          <reporter-output>
          </reporter-output>
        </test-method> <!-- bytesToKilobytesTest -->
        <test-method signature="bytesToKilobytesTest(double,double)[pri:0, instance:by.traning.task01.CalculationTest@14fc5f04]" started-at="2021-05-22T06:00:40 MSK" name="bytesToKilobytesTest" description="Positive script of the byte-to-kilobyte conversion" data-provider="input_a_byte" finished-at="2021-05-22T06:00:40 MSK" duration-ms="0" status="PASS">
          <params>
            <param index="0">
              <value>
                <![CDATA[3]]>
              </value>
            </param>
            <param index="1">
              <value>
                <![CDATA[0.003]]>
              </value>
            </param>
          </params>
          <reporter-output>
          </reporter-output>
        </test-method> <!-- bytesToKilobytesTest -->
        <test-method signature="bytesToKilobytesTest(double,double)[pri:0, instance:by.traning.task01.CalculationTest@14fc5f04]" started-at="2021-05-22T06:00:40 MSK" name="bytesToKilobytesTest" description="Positive script of the byte-to-kilobyte conversion" data-provider="input_a_byte" finished-at="2021-05-22T06:00:40 MSK" duration-ms="0" status="PASS">
          <params>
            <param index="0">
              <value>
                <![CDATA[2]]>
              </value>
            </param>
            <param index="1">
              <value>
                <![CDATA[0.002]]>
              </value>
            </param>
          </params>
          <reporter-output>
          </reporter-output>
        </test-method> <!-- bytesToKilobytesTest -->
        <test-method signature="calculatingCubeParametersNegativeTest(double)[pri:0, instance:by.traning.task01.CalculationTest@14fc5f04]" started-at="2021-05-22T06:00:40 MSK" name="calculatingCubeParametersNegativeTest" description="Negative script of the calculates cube" data-provider="input_a_negativeCubeParameters" finished-at="2021-05-22T06:00:40 MSK" duration-ms="1" status="PASS">
          <params>
            <param index="0">
              <value>
                <![CDATA[0]]>
              </value>
            </param>
          </params>
          <reporter-output>
          </reporter-output>
        </test-method> <!-- calculatingCubeParametersNegativeTest -->
        <test-method signature="calculatingCubeParametersNegativeTest(double)[pri:0, instance:by.traning.task01.CalculationTest@14fc5f04]" started-at="2021-05-22T06:00:40 MSK" name="calculatingCubeParametersNegativeTest" description="Negative script of the calculates cube" data-provider="input_a_negativeCubeParameters" finished-at="2021-05-22T06:00:40 MSK" duration-ms="1" status="PASS">
          <params>
            <param index="0">
              <value>
                <![CDATA[-1]]>
              </value>
            </param>
          </params>
          <reporter-output>
          </reporter-output>
        </test-method> <!-- calculatingCubeParametersNegativeTest -->
        <test-method signature="calculatingCubeParametersTest(by.traning.task01.bean.Cube,double)[pri:0, instance:by.traning.task01.CalculationTest@14fc5f04]" started-at="2021-05-22T06:00:40 MSK" name="calculatingCubeParametersTest" description="Positive script of the calculates cube" data-provider="input_cube_a" finished-at="2021-05-22T06:00:40 MSK" duration-ms="1" status="PASS">
          <params>
            <param index="0">
              <value>
                <![CDATA[Cube{cubeEdgeLength=1.0, areaSide=1.0, cubeVolume=1.0, cubeArea=6.0}]]>
              </value>
            </param>
            <param index="1">
              <value>
                <![CDATA[1]]>
              </value>
            </param>
          </params>
          <reporter-output>
          </reporter-output>
        </test-method> <!-- calculatingCubeParametersTest -->
        <test-method signature="calculatingCubeParametersTest(by.traning.task01.bean.Cube,double)[pri:0, instance:by.traning.task01.CalculationTest@14fc5f04]" started-at="2021-05-22T06:00:40 MSK" name="calculatingCubeParametersTest" description="Positive script of the calculates cube" data-provider="input_cube_a" finished-at="2021-05-22T06:00:40 MSK" duration-ms="0" status="PASS">
          <params>
            <param index="0">
              <value>
                <![CDATA[Cube{cubeEdgeLength=2.0, areaSide=4.0, cubeVolume=8.0, cubeArea=24.0}]]>
              </value>
            </param>
            <param index="1">
              <value>
                <![CDATA[2]]>
              </value>
            </param>
          </params>
          <reporter-output>
          </reporter-output>
        </test-method> <!-- calculatingCubeParametersTest -->
        <test-method signature="calculatingCubeParametersTest(by.traning.task01.bean.Cube,double)[pri:0, instance:by.traning.task01.CalculationTest@14fc5f04]" started-at="2021-05-22T06:00:40 MSK" name="calculatingCubeParametersTest" description="Positive script of the calculates cube" data-provider="input_cube_a" finished-at="2021-05-22T06:00:40 MSK" duration-ms="1" status="PASS">
          <params>
            <param index="0">
              <value>
                <![CDATA[Cube{cubeEdgeLength=3.0, areaSide=9.0, cubeVolume=27.0, cubeArea=54.0}]]>
              </value>
            </param>
            <param index="1">
              <value>
                <![CDATA[3]]>
              </value>
            </param>
          </params>
          <reporter-output>
          </reporter-output>
        </test-method> <!-- calculatingCubeParametersTest -->
        <test-method signature="calculatingCubeParametersTest(by.traning.task01.bean.Cube,double)[pri:0, instance:by.traning.task01.CalculationTest@14fc5f04]" started-at="2021-05-22T06:00:40 MSK" name="calculatingCubeParametersTest" description="Positive script of the calculates cube" data-provider="input_cube_a" finished-at="2021-05-22T06:00:40 MSK" duration-ms="0" status="PASS">
          <params>
            <param index="0">
              <value>
                <![CDATA[Cube{cubeEdgeLength=4.0, areaSide=16.0, cubeVolume=64.0, cubeArea=96.0}]]>
              </value>
            </param>
            <param index="1">
              <value>
                <![CDATA[4]]>
              </value>
            </param>
          </params>
          <reporter-output>
          </reporter-output>
        </test-method> <!-- calculatingCubeParametersTest -->
        <test-method signature="foldWithThreeNegativeTest(int)[pri:0, instance:by.traning.task01.CalculationTest@14fc5f04]" started-at="2021-05-22T06:00:40 MSK" name="foldWithThreeNegativeTest" description="Negative script of the sum calculation with a three" data-provider="input_a_negativeSumWithThree" finished-at="2021-05-22T06:00:40 MSK" duration-ms="1" status="PASS">
          <params>
            <param index="0">
              <value>
                <![CDATA[2147483647]]>
              </value>
            </param>
          </params>
          <reporter-output>
          </reporter-output>
        </test-method> <!-- foldWithThreeNegativeTest -->
        <test-method signature="foldWithThreeTest([I)[pri:0, instance:by.traning.task01.CalculationTest@14fc5f04]" started-at="2021-05-22T06:00:40 MSK" name="foldWithThreeTest" description="Positive script of the sum calculation with a three" data-provider="positiveDataForSumWithThree" finished-at="2021-05-22T06:00:40 MSK" duration-ms="0" status="PASS">
          <params>
            <param index="0">
              <value>
                <![CDATA[[I@4b34fff9]]>
              </value>
            </param>
          </params>
          <reporter-output>
          </reporter-output>
        </test-method> <!-- foldWithThreeTest -->
        <test-method signature="foldWithThreeTest([I)[pri:0, instance:by.traning.task01.CalculationTest@14fc5f04]" started-at="2021-05-22T06:00:40 MSK" name="foldWithThreeTest" description="Positive script of the sum calculation with a three" data-provider="positiveDataForSumWithThree" finished-at="2021-05-22T06:00:40 MSK" duration-ms="0" status="PASS">
          <params>
            <param index="0">
              <value>
                <![CDATA[[I@6d7fc27]]>
              </value>
            </param>
          </params>
          <reporter-output>
          </reporter-output>
        </test-method> <!-- foldWithThreeTest -->
        <test-method signature="foldWithThreeTest([I)[pri:0, instance:by.traning.task01.CalculationTest@14fc5f04]" started-at="2021-05-22T06:00:40 MSK" name="foldWithThreeTest" description="Positive script of the sum calculation with a three" data-provider="positiveDataForSumWithThree" finished-at="2021-05-22T06:00:40 MSK" duration-ms="0" status="PASS">
          <params>
            <param index="0">
              <value>
                <![CDATA[[I@135606db]]>
              </value>
            </param>
          </params>
          <reporter-output>
          </reporter-output>
        </test-method> <!-- foldWithThreeTest -->
        <test-method signature="foldWithThreeTest([I)[pri:0, instance:by.traning.task01.CalculationTest@14fc5f04]" started-at="2021-05-22T06:00:40 MSK" name="foldWithThreeTest" description="Positive script of the sum calculation with a three" data-provider="positiveDataForSumWithThree" finished-at="2021-05-22T06:00:40 MSK" duration-ms="0" status="PASS">
          <params>
            <param index="0">
              <value>
                <![CDATA[[I@275bf9b3]]>
              </value>
            </param>
          </params>
          <reporter-output>
          </reporter-output>
        </test-method> <!-- foldWithThreeTest -->
        <test-method signature="foldWithThreeTest([I)[pri:0, instance:by.traning.task01.CalculationTest@14fc5f04]" started-at="2021-05-22T06:00:40 MSK" name="foldWithThreeTest" description="Positive script of the sum calculation with a three" data-provider="positiveDataForSumWithThree" finished-at="2021-05-22T06:00:40 MSK" duration-ms="0" status="PASS">
          <params>
            <param index="0">
              <value>
                <![CDATA[[I@1187c9e8]]>
              </value>
            </param>
          </params>
          <reporter-output>
          </reporter-output>
        </test-method> <!-- foldWithThreeTest -->
        <test-method signature="foldWithThreeTest([I)[pri:0, instance:by.traning.task01.CalculationTest@14fc5f04]" started-at="2021-05-22T06:00:40 MSK" name="foldWithThreeTest" description="Positive script of the sum calculation with a three" data-provider="positiveDataForSumWithThree" finished-at="2021-05-22T06:00:40 MSK" duration-ms="0" status="PASS">
          <params>
            <param index="0">
              <value>
                <![CDATA[[I@14008db3]]>
              </value>
            </param>
          </params>
          <reporter-output>
          </reporter-output>
        </test-method> <!-- foldWithThreeTest -->
        <test-method signature="trigonometricFormulaNegativeTest([D)[pri:0, instance:by.traning.task01.CalculationTest@14fc5f04]" started-at="2021-05-22T06:00:40 MSK" name="trigonometricFormulaNegativeTest" description="Negative script of the trigonometric formula" data-provider="input_a_b_negativeTrigonometricFormula" finished-at="2021-05-22T06:00:40 MSK" duration-ms="1" status="PASS">
          <params>
            <param index="0">
              <value>
                <![CDATA[[D@57c03d88]]>
              </value>
            </param>
          </params>
          <reporter-output>
          </reporter-output>
        </test-method> <!-- trigonometricFormulaNegativeTest -->
        <test-method signature="trigonometricFormulaNegativeTest([D)[pri:0, instance:by.traning.task01.CalculationTest@14fc5f04]" started-at="2021-05-22T06:00:40 MSK" name="trigonometricFormulaNegativeTest" description="Negative script of the trigonometric formula" data-provider="input_a_b_negativeTrigonometricFormula" finished-at="2021-05-22T06:00:40 MSK" duration-ms="1" status="PASS">
          <params>
            <param index="0">
              <value>
                <![CDATA[[D@78a773fd]]>
              </value>
            </param>
          </params>
          <reporter-output>
          </reporter-output>
        </test-method> <!-- trigonometricFormulaNegativeTest -->
        <test-method signature="trigonometricFormulaNegativeTest([D)[pri:0, instance:by.traning.task01.CalculationTest@14fc5f04]" started-at="2021-05-22T06:00:40 MSK" name="trigonometricFormulaNegativeTest" description="Negative script of the trigonometric formula" data-provider="input_a_b_negativeTrigonometricFormula" finished-at="2021-05-22T06:00:40 MSK" duration-ms="1" status="PASS">
          <params>
            <param index="0">
              <value>
                <![CDATA[[D@68034211]]>
              </value>
            </param>
          </params>
          <reporter-output>
          </reporter-output>
        </test-method> <!-- trigonometricFormulaNegativeTest -->
        <test-method signature="trigonometricFormulaNegativeTest([D)[pri:0, instance:by.traning.task01.CalculationTest@14fc5f04]" started-at="2021-05-22T06:00:40 MSK" name="trigonometricFormulaNegativeTest" description="Negative script of the trigonometric formula" data-provider="input_a_b_negativeTrigonometricFormula" finished-at="2021-05-22T06:00:40 MSK" duration-ms="0" status="PASS">
          <params>
            <param index="0">
              <value>
                <![CDATA[[D@1722011b]]>
              </value>
            </param>
          </params>
          <reporter-output>
          </reporter-output>
        </test-method> <!-- trigonometricFormulaNegativeTest -->
        <test-method signature="trigonometricFormulaNegativeTest([D)[pri:0, instance:by.traning.task01.CalculationTest@14fc5f04]" started-at="2021-05-22T06:00:40 MSK" name="trigonometricFormulaNegativeTest" description="Negative script of the trigonometric formula" data-provider="input_a_b_negativeTrigonometricFormula" finished-at="2021-05-22T06:00:40 MSK" duration-ms="0" status="PASS">
          <params>
            <param index="0">
              <value>
                <![CDATA[[D@7cb502c]]>
              </value>
            </param>
          </params>
          <reporter-output>
          </reporter-output>
        </test-method> <!-- trigonometricFormulaNegativeTest -->
        <test-method signature="trigonometricFormulaTest([I,double)[pri:0, instance:by.traning.task01.CalculationTest@14fc5f04]" started-at="2021-05-22T06:00:40 MSK" name="trigonometricFormulaTest" description="Positive script of the trigonometric formula" data-provider="input_a_b_trigonometricFormula" finished-at="2021-05-22T06:00:40 MSK" duration-ms="0" status="PASS">
          <params>
            <param index="0">
              <value>
                <![CDATA[[I@2a3888c1]]>
              </value>
            </param>
            <param index="1">
              <value>
                <![CDATA[4.758]]>
              </value>
            </param>
          </params>
          <reporter-output>
          </reporter-output>
        </test-method> <!-- trigonometricFormulaTest -->
        <test-method signature="trigonometricFormulaTest([I,double)[pri:0, instance:by.traning.task01.CalculationTest@14fc5f04]" started-at="2021-05-22T06:00:40 MSK" name="trigonometricFormulaTest" description="Positive script of the trigonometric formula" data-provider="input_a_b_trigonometricFormula" finished-at="2021-05-22T06:00:40 MSK" duration-ms="0" status="PASS">
          <params>
            <param index="0">
              <value>
                <![CDATA[[I@6a47b187]]>
              </value>
            </param>
            <param index="1">
              <value>
                <![CDATA[0]]>
              </value>
            </param>
          </params>
          <reporter-output>
          </reporter-output>
        </test-method> <!-- trigonometricFormulaTest -->
        <test-method signature="trigonometricFormulaTest([I,double)[pri:0, instance:by.traning.task01.CalculationTest@14fc5f04]" started-at="2021-05-22T06:00:40 MSK" name="trigonometricFormulaTest" description="Positive script of the trigonometric formula" data-provider="input_a_b_trigonometricFormula" finished-at="2021-05-22T06:00:40 MSK" duration-ms="0" status="PASS">
          <params>
            <param index="0">
              <value>
                <![CDATA[[I@4b5189ac]]>
              </value>
            </param>
            <param index="1">
              <value>
                <![CDATA[-19.797]]>
              </value>
            </param>
          </params>
          <reporter-output>
          </reporter-output>
        </test-method> <!-- trigonometricFormulaTest -->
        <test-method signature="trigonometricFormulaTest([I,double)[pri:0, instance:by.traning.task01.CalculationTest@14fc5f04]" started-at="2021-05-22T06:00:40 MSK" name="trigonometricFormulaTest" description="Positive script of the trigonometric formula" data-provider="input_a_b_trigonometricFormula" finished-at="2021-05-22T06:00:40 MSK" duration-ms="0" status="PASS">
          <params>
            <param index="0">
              <value>
                <![CDATA[[I@3fc79729]]>
              </value>
            </param>
            <param index="1">
              <value>
                <![CDATA[0.63]]>
              </value>
            </param>
          </params>
          <reporter-output>
          </reporter-output>
        </test-method> <!-- trigonometricFormulaTest -->
      </class> <!-- by.traning.task01.CalculationTest -->
    </test> <!-- Command line test -->
  </suite> <!-- by.traning.task01.CalculationTest -->
</testng-results>
