<?xml version="1.0" encoding="UTF-8" ?>
<testsuite tests="36" failures="0" name="TestSuite" time="1.769" errors="0" skipped="2">
  <properties>
[...]
</properties>
  <testcase classname="by.traning.task06.DAO.impl.FileArrayDAOTest" name="readFileTest" time="0.823">
    <skipped/>
    <system-out>Configuring TestNG with: org.apache.maven.surefire.testng.conf.TestNG652Configurator@c39f790
17:32:03.767 [main] ERROR FileCreator.create() - The method is exception, the file was not found
</system-out>
    <system-err>[Utils] [ERROR] [Error] by.traning.task06.service.exception.ServiceException: wrong path
	at by.traning.task06.service.creator.FileCreator.create(FileCreator.java:28)
	at by.traning.task06.DAO.impl.FileArrayDAOTest.createDataForReadFile(FileArrayDAOTest.java:27)
	at java.base/jdk.internal.reflect.NativeMethodAccessorImpl.invoke0(Native Method)
	at java.base/jdk.internal.reflect.NativeMethodAccessorImpl.invoke(NativeMethodAccessorImpl.java:78)
	at java.base/jdk.internal.reflect.DelegatingMethodAccessorImpl.invoke(DelegatingMethodAccessorImpl.java:43)
	at java.base/java.lang.reflect.Method.invoke(Method.java:567)
	at org.testng.internal.MethodInvocationHelper.invokeMethod(MethodInvocationHelper.java:133)
	at org.testng.internal.MethodInvocationHelper.invokeMethod(MethodInvocationHelper.java:77)
	at org.testng.internal.MethodInvocationHelper.invokeMethodNoCheckedException(MethodInvocationHelper.java:46)
	at org.testng.internal.MethodInvocationHelper.invokeDataProvider(MethodInvocationHelper.java:146)
	at org.testng.internal.Parameters.handleParameters(Parameters.java:798)
	at org.testng.internal.Parameters.handleParameters(Parameters.java:740)
	at org.testng.internal.ParameterHandler.handleParameters(ParameterHandler.java:59)
	at org.testng.internal.ParameterHandler.createParameters(ParameterHandler.java:38)
	at org.testng.internal.TestInvoker$MethodInvocationAgent.invoke(TestInvoker.java:791)
	at org.testng.internal.TestInvoker.invokeTestMethods(TestInvoker.java:146)
	at org.testng.internal.TestMethodWorker.invokeTestMethods(TestMethodWorker.java:146)
	at org.testng.internal.TestMethodWorker.run(TestMethodWorker.java:128)
	at java.base/java.util.ArrayList.forEach(ArrayList.java:1511)
	at org.testng.TestRunner.privateRun(TestRunner.java:794)
	at org.testng.TestRunner.run(TestRunner.java:596)
	at org.testng.SuiteRunner.runTest(SuiteRunner.java:377)
	at org.testng.SuiteRunner.runSequentially(SuiteRunner.java:371)
	at org.testng.SuiteRunner.privateRun(SuiteRunner.java:332)
	at org.testng.SuiteRunner.run(SuiteRunner.java:276)
	at org.testng.SuiteRunnerWorker.runSuite(SuiteRunnerWorker.java:53)
	at org.testng.SuiteRunnerWorker.run(SuiteRunnerWorker.java:96)
	at org.testng.TestNG.runSuitesSequentially(TestNG.java:1212)
	at org.testng.TestNG.runSuitesLocally(TestNG.java:1134)
	at org.testng.TestNG.runSuites(TestNG.java:1063)
	at org.testng.TestNG.run(TestNG.java:1031)
	at org.apache.maven.surefire.testng.TestNGExecutor.run(TestNGExecutor.java:77)
	at org.apache.maven.surefire.testng.TestNGDirectoryTestSuite.executeMulti(TestNGDirectoryTestSuite.java:159)
	at org.apache.maven.surefire.testng.TestNGDirectoryTestSuite.execute(TestNGDirectoryTestSuite.java:99)
	at org.apache.maven.surefire.testng.TestNGProvider.invoke(TestNGProvider.java:106)
	at java.base/jdk.internal.reflect.NativeMethodAccessorImpl.invoke0(Native Method)
	at java.base/jdk.internal.reflect.NativeMethodAccessorImpl.invoke(NativeMethodAccessorImpl.java:78)
	at java.base/jdk.internal.reflect.DelegatingMethodAccessorImpl.invoke(DelegatingMethodAccessorImpl.java:43)
	at java.base/java.lang.reflect.Method.invoke(Method.java:567)
	at org.apache.maven.surefire.util.ReflectionUtils.invokeMethodWithArray(ReflectionUtils.java:189)
	at org.apache.maven.surefire.booter.ProviderFactory$ProviderProxy.invoke(ProviderFactory.java:165)
	at org.apache.maven.surefire.booter.ProviderFactory.invokeProvider(ProviderFactory.java:85)
	at org.apache.maven.surefire.booter.ForkedBooter.runSuitesInProcess(ForkedBooter.java:115)
	at org.apache.maven.surefire.booter.ForkedBooter.main(ForkedBooter.java:75)

</system-err>
  </testcase>
  <testcase classname="by.traning.task06.DAO.impl.FileMatrixDAOTest" name="readFileTest" time="0.826">
    <skipped/>
    <system-out>17:32:03.778 [main] ERROR FileCreator.create() - The method is exception, the file was not found
</system-out>
    <system-err>[Utils] [ERROR] [Error] by.traning.task06.service.exception.ServiceException: wrong path
	at by.traning.task06.service.creator.FileCreator.create(FileCreator.java:28)
	at by.traning.task06.DAO.impl.FileMatrixDAOTest.createDataForReadFile(FileMatrixDAOTest.java:36)
	at java.base/jdk.internal.reflect.NativeMethodAccessorImpl.invoke0(Native Method)
	at java.base/jdk.internal.reflect.NativeMethodAccessorImpl.invoke(NativeMethodAccessorImpl.java:78)
	at java.base/jdk.internal.reflect.DelegatingMethodAccessorImpl.invoke(DelegatingMethodAccessorImpl.java:43)
	at java.base/java.lang.reflect.Method.invoke(Method.java:567)
	at org.testng.internal.MethodInvocationHelper.invokeMethod(MethodInvocationHelper.java:133)
	at org.testng.internal.MethodInvocationHelper.invokeMethod(MethodInvocationHelper.java:77)
	at org.testng.internal.MethodInvocationHelper.invokeMethodNoCheckedException(MethodInvocationHelper.java:46)
	at org.testng.internal.MethodInvocationHelper.invokeDataProvider(MethodInvocationHelper.java:146)
	at org.testng.internal.Parameters.handleParameters(Parameters.java:798)
	at org.testng.internal.Parameters.handleParameters(Parameters.java:740)
	at org.testng.internal.ParameterHandler.handleParameters(ParameterHandler.java:59)
	at org.testng.internal.ParameterHandler.createParameters(ParameterHandler.java:38)
	at org.testng.internal.TestInvoker$MethodInvocationAgent.invoke(TestInvoker.java:791)
	at org.testng.internal.TestInvoker.invokeTestMethods(TestInvoker.java:146)
	at org.testng.internal.TestMethodWorker.invokeTestMethods(TestMethodWorker.java:146)
	at org.testng.internal.TestMethodWorker.run(TestMethodWorker.java:128)
	at java.base/java.util.ArrayList.forEach(ArrayList.java:1511)
	at org.testng.TestRunner.privateRun(TestRunner.java:794)
	at org.testng.TestRunner.run(TestRunner.java:596)
	at org.testng.SuiteRunner.runTest(SuiteRunner.java:377)
	at org.testng.SuiteRunner.runSequentially(SuiteRunner.java:371)
	at org.testng.SuiteRunner.privateRun(SuiteRunner.java:332)
	at org.testng.SuiteRunner.run(SuiteRunner.java:276)
	at org.testng.SuiteRunnerWorker.runSuite(SuiteRunnerWorker.java:53)
	at org.testng.SuiteRunnerWorker.run(SuiteRunnerWorker.java:96)
	at org.testng.TestNG.runSuitesSequentially(TestNG.java:1212)
	at org.testng.TestNG.runSuitesLocally(TestNG.java:1134)
	at org.testng.TestNG.runSuites(TestNG.java:1063)
	at org.testng.TestNG.run(TestNG.java:1031)
	at org.apache.maven.surefire.testng.TestNGExecutor.run(TestNGExecutor.java:77)
	at org.apache.maven.surefire.testng.TestNGDirectoryTestSuite.executeMulti(TestNGDirectoryTestSuite.java:159)
	at org.apache.maven.surefire.testng.TestNGDirectoryTestSuite.execute(TestNGDirectoryTestSuite.java:99)
	at org.apache.maven.surefire.testng.TestNGProvider.invoke(TestNGProvider.java:106)
	at java.base/jdk.internal.reflect.NativeMethodAccessorImpl.invoke0(Native Method)
	at java.base/jdk.internal.reflect.NativeMethodAccessorImpl.invoke(NativeMethodAccessorImpl.java:78)
	at java.base/jdk.internal.reflect.DelegatingMethodAccessorImpl.invoke(DelegatingMethodAccessorImpl.java:43)
	at java.base/java.lang.reflect.Method.invoke(Method.java:567)
	at org.apache.maven.surefire.util.ReflectionUtils.invokeMethodWithArray(ReflectionUtils.java:189)
	at org.apache.maven.surefire.booter.ProviderFactory$ProviderProxy.invoke(ProviderFactory.java:165)
	at org.apache.maven.surefire.booter.ProviderFactory.invokeProvider(ProviderFactory.java:85)
	at org.apache.maven.surefire.booter.ForkedBooter.runSuitesInProcess(ForkedBooter.java:115)
	at org.apache.maven.surefire.booter.ForkedBooter.main(ForkedBooter.java:75)

</system-err>
  </testcase>
  <testcase classname="by.traning.task06.service.ArrayServiceSortTest" name="bubbleSortTest" time="0.029"/>
  <testcase classname="by.traning.task06.service.ArrayServiceSortTest" name="hashingSortTest" time="0.002"/>
  <testcase classname="by.traning.task06.service.ArrayServiceSortTest" name="insertionSortTest" time="0.012"/>
  <testcase classname="by.traning.task06.service.ArrayServiceSortTest" name="mergeSortTest" time="0.012"/>
  <testcase classname="by.traning.task06.service.ArrayServiceSortTest" name="selectionSortTest" time="0.006"/>
  <testcase classname="by.traning.task06.service.ArrayServiceSortTest" name="shakerSortTest" time="0.012"/>
  <testcase classname="by.traning.task06.service.ArrayServiceSortTest" name="shellSortTest" time="0.005"/>
  <testcase classname="by.traning.task06.service.creator.ArrayCreatorTest" name="creatorNegativeTest" time="0.002"/>
  <testcase classname="by.traning.task06.service.creator.ArrayCreatorTest" name="creatorNegativeTest" time="0.001"/>
  <testcase classname="by.traning.task06.service.creator.ArrayCreatorTest" name="creatorTest" time="0.001"/>
  <testcase classname="by.traning.task06.service.creator.FileCreatorTest" name="creatorNegativeTest" time="0.001"/>
  <testcase classname="by.traning.task06.service.creator.FileCreatorTest" name="creatorNegativeTest" time="0"/>
  <testcase classname="by.traning.task06.service.creator.FileCreatorTest" name="creatorTest" time="0.001"/>
  <testcase classname="by.traning.task06.service.creator.MatrixCreatorTest" name="creatorNegativeTest" time="0.001"/>
  <testcase classname="by.traning.task06.service.creator.MatrixCreatorTest" name="creatorNegativeTest" time="0"/>
  <testcase classname="by.traning.task06.service.creator.MatrixCreatorTest" name="creatorNegativeTest" time="0.002"/>
  <testcase classname="by.traning.task06.service.creator.MatrixCreatorTest" name="creatorNegativeTest" time="0.002"/>
  <testcase classname="by.traning.task06.service.creator.MatrixCreatorTest" name="creatorTest" time="0"/>
  <testcase classname="by.traning.task06.service.MatrixServiceSortTest" name="multiplyNegativeTest" time="0.001"/>
  <testcase classname="by.traning.task06.service.MatrixServiceSortTest" name="multiplyNegativeTest" time="0"/>
  <testcase classname="by.traning.task06.service.MatrixServiceSortTest" name="multiplyNegativeTest" time="0.001"/>
  <testcase classname="by.traning.task06.service.MatrixServiceSortTest" name="multiplyNegativeTest" time="0"/>
  <testcase classname="by.traning.task06.service.MatrixServiceSortTest" name="multiplyTest" time="0.023"/>
  <testcase classname="by.traning.task06.service.MatrixServiceSortTest" name="subtractionNegativeTest" time="0.001"/>
  <testcase classname="by.traning.task06.service.MatrixServiceSortTest" name="subtractionNegativeTest" time="0"/>
  <testcase classname="by.traning.task06.service.MatrixServiceSortTest" name="subtractionNegativeTest" time="0.001"/>
  <testcase classname="by.traning.task06.service.MatrixServiceSortTest" name="subtractionNegativeTest" time="0"/>
  <testcase classname="by.traning.task06.service.MatrixServiceSortTest" name="subtractionTest" time="0.002"/>
  <testcase classname="by.traning.task06.service.MatrixServiceSortTest" name="subtractionTest" time="0"/>
  <testcase classname="by.traning.task06.service.MatrixServiceSortTest" name="summationNegativeTest" time="0"/>
  <testcase classname="by.traning.task06.service.MatrixServiceSortTest" name="summationNegativeTest" time="0"/>
  <testcase classname="by.traning.task06.service.MatrixServiceSortTest" name="summationNegativeTest" time="0"/>
  <testcase classname="by.traning.task06.service.MatrixServiceSortTest" name="summationNegativeTest" time="0"/>
  <testcase classname="by.traning.task06.service.MatrixServiceSortTest" name="summationTest" time="0.002"/>
</testsuite>